number,value,datetime_start,datetime_complete,duration,params_colsample_bytree,params_learning_rate,params_min_child_samples,params_n_estimators,params_num_leaves,params_reg_lambda,params_subsample,system_attrs_tpe:relative_params:0,state
0,0.5737758690801236,2026-09-25 14:04:50.364688,2026-09-25 14:05:38.246341,0 days 00:00:47.881653,0.49359671220172163,0.030710573677773714,75,1313,60,0.0017073967431528124,0.5780093202212182,,COMPLETE
1,0.577190328614405,2026-09-25 14:05:38.246555,2026-09-25 14:05:55.673671,0 days 00:00:17.427116,0.899465584480253,0.13394334706750485,10,508,56,0.0070689749506246055,0.9849549260809971,,COMPLETE
2,0.6145400039697153,2026-09-25 14:05:55.673805,2026-09-25 14:05:57.583001,0 days 00:00:01.909196,0.5747374841188252,0.017240892195821537,58,164,18,0.280163515871626,0.7159725093210578,,COMPLETE
3,0.6120875015498237,2026-09-25 14:05:57.583059,2026-09-25 14:06:00.226706,0 days 00:00:02.643647,0.5198042692950159,0.01518747922672247,46,220,21,0.11400863701127326,0.8925879806965068,,COMPLETE
4,0.6003494437026496,2026-09-25 14:06:00.226738,2026-09-25 14:06:03.297171,0 days 00:00:03.070433,0.9693313223519999,0.05898602410432694,17,113,42,7.286653737491043,0.5325257964926398,,COMPLETE
5,0.6008109453363792,2026-09-25 14:06:03.297217,2026-09-25 14:06:05.649936,0 days 00:00:02.352719,0.47322294090686734,0.11265466963346032,101,227,10,0.09565499215943825,0.7200762468698007,,COMPLETE
6,0.6020662852783826,2026-09-25 14:06:05.649969,2026-09-25 14:06:22.192026,0 days 00:00:16.542057,0.7120408127066865,0.011085122517311707,94,1173,16,0.1537592023548176,0.6558555380447055,,COMPLETE
7,0.57820869604069,2026-09-25 14:06:22.192146,2026-09-25 14:07:07.097909,0 days 00:00:44.905763,0.758739987286651,0.017398074711291726,244,1382,68,4.8696409415209025,0.9474136752138245,,COMPLETE
8,0.6158807959421303,2026-09-25 14:07:07.098021,2026-09-25 14:07:08.432166,0 days 00:00:01.334145,0.5628094190643376,0.01303561122512888,29,169,9,2.065142557895926,0.6943386448447411,,COMPLETE
9,0.6088341880515662,2026-09-25 14:07:08.432221,2026-09-25 14:07:12.081250,0 days 00:00:03.649029,0.44473038620786254,0.02911701023242742,15,213,35,8.862326508576256,0.9010984903770198,,COMPLETE
10,0.5899110019693563,2026-09-25 14:07:12.081279,2026-09-25 14:07:13.431683,0 days 00:00:01.350404,0.7638002874160257,0.18917073447919627,56,156,14,2.6061689085486206,0.6188451594242025,"{""colsample_bytree"": 0.7638002874160257, ""learning_rate"": 0.18917073447919627, ""min_child_samples"": 56, ""n_estimators"": 156, ""num_leaves"": 14, ""reg_lambda"": 2.6061689085486206, ""subsample"": 0.6188451594242025}",COMPLETE
11,0.61013689451444,2026-09-25 14:07:13.431719,2026-09-25 14:07:14.745995,0 days 00:00:01.314276,0.6402351386402977,0.04330364638056693,49,105,22,0.8906053583194987,0.6904043453265664,"{""colsample_bytree"": 0.6402351386402977, ""learning_rate"": 0.04330364638056693, ""min_child_samples"": 49, ""n_estimators"": 105, ""num_leaves"": 22, ""reg_lambda"": 0.8906053583194987, ""subsample"": 0.6904043453265664}",COMPLETE
12,0.6164696122909308,2026-09-25 14:07:14.746024,2026-09-25 14:07:16.079306,0 days 00:00:01.333282,0.5719302902467195,0.011069463370556639,38,152,12,7.472742044853992,0.7386801594811421,"{""colsample_bytree"": 0.5719302902467195, ""learning_rate"": 0.011069463370556639, ""min_child_samples"": 38, ""n_estimators"": 152, ""num_leaves"": 12, ""reg_lambda"": 7.472742044853992, ""subsample"": 0.7386801594811421}",COMPLETE
13,0.6159832096201371,2026-09-25 14:07:16.079335,2026-09-25 14:07:17.526919,0 days 00:00:01.447584,0.5210738676717375,0.014037458499825703,18,129,13,5.5762941950045555,0.6820866206464873,"{""colsample_bytree"": 0.5210738676717375, ""learning_rate"": 0.014037458499825703, ""min_child_samples"": 18, ""n_estimators"": 129, ""num_leaves"": 13, ""reg_lambda"": 5.5762941950045555, ""subsample"": 0.6820866206464873}",COMPLETE
14,0.6148171909321889,2026-09-25 14:07:17.526958,2026-09-25 14:07:19.092698,0 days 00:00:01.565740,0.4109883402211356,0.010588973298508556,20,124,21,2.2913170619962804,0.603859972863951,"{""colsample_bytree"": 0.4109883402211356, ""learning_rate"": 0.010588973298508556, ""min_child_samples"": 20, ""n_estimators"": 124, ""num_leaves"": 21, ""reg_lambda"": 2.2913170619962804, ""subsample"": 0.603859972863951}",COMPLETE
15,0.6116904631322994,2026-09-25 14:07:19.092733,2026-09-25 14:07:22.857962,0 days 00:00:03.765229,0.6782740686119607,0.012983875045798874,22,289,24,9.838359925854189,0.701643620409124,"{""colsample_bytree"": 0.6782740686119607, ""learning_rate"": 0.012983875045798874, ""min_child_samples"": 22, ""n_estimators"": 289, ""num_leaves"": 24, ""reg_lambda"": 9.838359925854189, ""subsample"": 0.701643620409124}",COMPLETE
16,0.61710846768994,2026-09-25 14:07:22.857994,2026-09-25 14:07:23.644987,0 days 00:00:00.786993,0.6367942874131066,0.022159477430054163,75,111,8,5.588775774926665,0.7960184584470696,"{""colsample_bytree"": 0.6367942874131066, ""learning_rate"": 0.022159477430054163, ""min_child_samples"": 75, ""n_estimators"": 111, ""num_leaves"": 8, ""reg_lambda"": 5.588775774926665, ""subsample"": 0.7960184584470696}",COMPLETE
17,0.6162224282435493,2026-09-25 14:07:23.645015,2026-09-25 14:07:24.920178,0 days 00:00:01.275163,0.49925220125768693,0.013045203733374396,16,200,8,1.9045984665161027,0.8220464756214005,"{""colsample_bytree"": 0.49925220125768693, ""learning_rate"": 0.013045203733374396, ""min_child_samples"": 16, ""n_estimators"": 200, ""num_leaves"": 8, ""reg_lambda"": 1.9045984665161027, ""subsample"": 0.8220464756214005}",COMPLETE
18,0.6154541368035813,2026-09-25 14:07:24.920206,2026-09-25 14:07:26.306461,0 days 00:00:01.386255,0.5701814505240308,0.02356800975945438,28,123,15,6.44595246402571,0.7862191946808645,"{""colsample_bytree"": 0.5701814505240308, ""learning_rate"": 0.02356800975945438, ""min_child_samples"": 28, ""n_estimators"": 123, ""num_leaves"": 15, ""reg_lambda"": 6.44595246402571, ""subsample"": 0.7862191946808645}",COMPLETE
19,0.6167377586479906,2026-09-25 14:07:26.306514,2026-09-25 14:07:27.967364,0 days 00:00:01.660850,0.7038237087623502,0.010925125416341474,31,224,10,1.2724111005777932,0.810305749653917,"{""colsample_bytree"": 0.7038237087623502, ""learning_rate"": 0.010925125416341474, ""min_child_samples"": 31, ""n_estimators"": 224, ""num_leaves"": 10, ""reg_lambda"": 1.2724111005777932, ""subsample"": 0.810305749653917}",COMPLETE
20,0.6163605392789018,2026-09-25 14:07:27.967393,2026-09-25 14:07:29.025049,0 days 00:00:01.057656,0.7356659856567938,0.02262566129673574,40,129,8,6.512543385519819,0.8293915707585461,"{""colsample_bytree"": 0.7356659856567938, ""learning_rate"": 0.02262566129673574, ""min_child_samples"": 40, ""n_estimators"": 129, ""num_leaves"": 8, ""reg_lambda"": 6.512543385519819, ""subsample"": 0.8293915707585461}",COMPLETE
21,0.6154672322783494,2026-09-25 14:07:29.025080,2026-09-25 14:07:30.905360,0 days 00:00:01.880280,0.5773090592162657,0.012953291409053113,49,180,15,2.5342336125847447,0.887378495282296,"{""colsample_bytree"": 0.5773090592162657, ""learning_rate"": 0.012953291409053113, ""min_child_samples"": 49, ""n_estimators"": 180, ""num_leaves"": 15, ""reg_lambda"": 2.5342336125847447, ""subsample"": 0.887378495282296}",COMPLETE
22,0.6119514893001045,2026-09-25 14:07:30.905398,2026-09-25 14:07:32.486678,0 days 00:00:01.581280,0.6129573398415578,0.03367702016457775,73,218,11,3.05921693150281,0.6294971717714104,"{""colsample_bytree"": 0.6129573398415578, ""learning_rate"": 0.03367702016457775, ""min_child_samples"": 73, ""n_estimators"": 218, ""num_leaves"": 11, ""reg_lambda"": 3.05921693150281, ""subsample"": 0.6294971717714104}",COMPLETE
23,0.6160993386558717,2026-09-25 14:07:32.486705,2026-09-25 14:07:33.875053,0 days 00:00:01.388348,0.7378518313832498,0.01268241585926094,57,131,16,1.9228728687430783,0.7855510819444249,"{""colsample_bytree"": 0.7378518313832498, ""learning_rate"": 0.01268241585926094, ""min_child_samples"": 57, ""n_estimators"": 131, ""num_leaves"": 16, ""reg_lambda"": 1.9228728687430783, ""subsample"": 0.7855510819444249}",COMPLETE
24,0.6154535264872388,2026-09-25 14:07:33.875080,2026-09-25 14:07:35.651323,0 days 00:00:01.776243,0.6325746170295027,0.017911042020202876,43,327,8,0.8282425816251257,0.7878095786178508,"{""colsample_bytree"": 0.6325746170295027, ""learning_rate"": 0.017911042020202876, ""min_child_samples"": 43, ""n_estimators"": 327, ""num_leaves"": 8, ""reg_lambda"": 0.8282425816251257, ""subsample"": 0.7878095786178508}",COMPLETE
25,0.6122579215182438,2026-09-25 14:07:35.651352,2026-09-25 14:07:37.193858,0 days 00:00:01.542506,0.6823389171687654,0.027344881574813747,32,141,18,2.009488600916029,0.7928403679554794,"{""colsample_bytree"": 0.6823389171687654, ""learning_rate"": 0.027344881574813747, ""min_child_samples"": 32, ""n_estimators"": 141, ""num_leaves"": 18, ""reg_lambda"": 2.009488600916029, ""subsample"": 0.7928403679554794}",COMPLETE
26,0.6153101884720924,2026-09-25 14:07:37.193886,2026-09-25 14:07:38.661262,0 days 00:00:01.467376,0.715534125641383,0.020307031275255665,25,223,9,0.7450123619250834,0.712324553294222,"{""colsample_bytree"": 0.715534125641383, ""learning_rate"": 0.020307031275255665, ""min_child_samples"": 25, ""n_estimators"": 223, ""num_leaves"": 9, ""reg_lambda"": 0.7450123619250834, ""subsample"": 0.712324553294222}",COMPLETE
27,0.616187542556468,2026-09-25 14:07:38.661298,2026-09-25 14:07:39.979214,0 days 00:00:01.317916,0.6015188640417014,0.014609883498041133,104,134,15,6.704540970129476,0.8383625032378484,"{""colsample_bytree"": 0.6015188640417014, ""learning_rate"": 0.014609883498041133, ""min_child_samples"": 104, ""n_estimators"": 134, ""num_leaves"": 15, ""reg_lambda"": 6.704540970129476, ""subsample"": 0.8383625032378484}",COMPLETE
28,0.6147274394324477,2026-09-25 14:07:39.979243,2026-09-25 14:07:42.021461,0 days 00:00:02.042218,0.6097440991358056,0.010628245414988604,27,174,23,0.7266965852446082,0.7712522626861208,"{""colsample_bytree"": 0.6097440991358056, ""learning_rate"": 0.010628245414988604, ""min_child_samples"": 27, ""n_estimators"": 174, ""num_leaves"": 23, ""reg_lambda"": 0.7266965852446082, ""subsample"": 0.7712522626861208}",COMPLETE
29,0.6157507088872222,2026-09-25 14:07:42.021490,2026-09-25 14:07:43.209692,0 days 00:00:01.188202,0.6696103409794958,0.013976993991954807,94,175,9,0.9179635790366669,0.8854784330170948,"{""colsample_bytree"": 0.6696103409794958, ""learning_rate"": 0.013976993991954807, ""min_child_samples"": 94, ""n_estimators"": 175, ""num_leaves"": 9, ""reg_lambda"": 0.9179635790366669, ""subsample"": 0.8854784330170948}",COMPLETE
30,0.6169157614309941,2026-09-25 14:07:43.209725,2026-09-25 14:07:44.013100,0 days 00:00:00.803375,0.6809220940137534,0.01738729758730096,80,103,9,1.6591387924519623,0.7335737683975317,"{""colsample_bytree"": 0.6809220940137534, ""learning_rate"": 0.01738729758730096, ""min_child_samples"": 80, ""n_estimators"": 103, ""num_leaves"": 9, ""reg_lambda"": 1.6591387924519623, ""subsample"": 0.7335737683975317}",COMPLETE
31,0.6169021610101947,2026-09-25 14:07:44.013128,2026-09-25 14:07:44.824630,0 days 00:00:00.811502,0.592893176140061,0.018752373354214303,36,106,9,5.336504885227328,0.8243933820062346,"{""colsample_bytree"": 0.592893176140061, ""learning_rate"": 0.018752373354214303, ""min_child_samples"": 36, ""n_estimators"": 106, ""num_leaves"": 9, ""reg_lambda"": 5.336504885227328, ""subsample"": 0.8243933820062346}",COMPLETE
32,0.6168651776191421,2026-09-25 14:07:44.824659,2026-09-25 14:07:45.675182,0 days 00:00:00.850523,0.675216420166217,0.015513238403928193,77,115,9,1.3495306484280643,0.7206577485547132,"{""colsample_bytree"": 0.675216420166217, ""learning_rate"": 0.015513238403928193, ""min_child_samples"": 77, ""n_estimators"": 115, ""num_leaves"": 9, ""reg_lambda"": 1.3495306484280643, ""subsample"": 0.7206577485547132}",COMPLETE
33,0.6161456653893211,2026-09-25 14:07:45.675210,2026-09-25 14:07:46.977698,0 days 00:00:01.302488,0.6575082152805094,0.022507630175261677,63,153,12,4.383029994639406,0.826034665884791,"{""colsample_bytree"": 0.6575082152805094, ""learning_rate"": 0.022507630175261677, ""min_child_samples"": 63, ""n_estimators"": 153, ""num_leaves"": 12, ""reg_lambda"": 4.383029994639406, ""subsample"": 0.826034665884791}",COMPLETE
34,0.616260655893358,2026-09-25 14:07:46.977729,2026-09-25 14:07:47.901845,0 days 00:00:00.924116,0.6837069101168849,0.019484660738232747,66,134,8,6.921214960551488,0.6921040538243903,"{""colsample_bytree"": 0.6837069101168849, ""learning_rate"": 0.019484660738232747, ""min_child_samples"": 66, ""n_estimators"": 134, ""num_leaves"": 8, ""reg_lambda"": 6.921214960551488, ""subsample"": 0.6921040538243903}",COMPLETE
35,0.6168185079832055,2026-09-25 14:07:47.901873,2026-09-25 14:07:48.853454,0 days 00:00:00.951581,0.5897683946967808,0.021090659683804216,93,122,10,1.2373222590086888,0.7850007968773662,"{""colsample_bytree"": 0.5897683946967808, ""learning_rate"": 0.021090659683804216, ""min_child_samples"": 93, ""n_estimators"": 122, ""num_leaves"": 10, ""reg_lambda"": 1.2373222590086888, ""subsample"": 0.7850007968773662}",COMPLETE
36,0.6165726854120839,2026-09-25 14:07:48.853482,2026-09-25 14:07:49.630293,0 days 00:00:00.776811,0.6528054576448727,0.015495908997346102,70,102,9,4.474814190695156,0.7579627733368794,"{""colsample_bytree"": 0.6528054576448727, ""learning_rate"": 0.015495908997346102, ""min_child_samples"": 70, ""n_estimators"": 102, ""num_leaves"": 9, ""reg_lambda"": 4.474814190695156, ""subsample"": 0.7579627733368794}",COMPLETE
37,0.616939540837051,2026-09-25 14:07:49.630323,2026-09-25 14:07:50.418194,0 days 00:00:00.787871,0.6233012037108577,0.022466148120073786,140,102,9,3.5035985365240814,0.7241939711508644,"{""colsample_bytree"": 0.6233012037108577, ""learning_rate"": 0.022466148120073786, ""min_child_samples"": 140, ""n_estimators"": 102, ""num_leaves"": 9, ""reg_lambda"": 3.5035985365240814, ""subsample"": 0.7241939711508644}",COMPLETE
38,0.6165675882449119,2026-09-25 14:07:50.418223,2026-09-25 14:07:51.369476,0 days 00:00:00.951253,0.5298796934479768,0.01880982821710387,40,103,12,6.462610641145447,0.8487771548900749,"{""colsample_bytree"": 0.5298796934479768, ""learning_rate"": 0.01880982821710387, ""min_child_samples"": 40, ""n_estimators"": 103, ""num_leaves"": 12, ""reg_lambda"": 6.462610641145447, ""subsample"": 0.8487771548900749}",COMPLETE
39,0.6157664668062853,2026-09-25 14:07:51.369504,2026-09-25 14:07:52.239582,0 days 00:00:00.870078,0.6395500480734538,0.01129684148381496,47,114,8,1.744999519534928,0.7980919457651043,"{""colsample_bytree"": 0.6395500480734538, ""learning_rate"": 0.01129684148381496, ""min_child_samples"": 47, ""n_estimators"": 114, ""num_leaves"": 8, ""reg_lambda"": 1.744999519534928, ""subsample"": 0.7980919457651043}",COMPLETE
40,0.6147188873643675,2026-09-25 14:07:52.239609,2026-09-25 14:07:53.755739,0 days 00:00:01.516130,0.5718943879822209,0.030088853968155364,151,184,11,9.051549394511614,0.7151115003568068,"{""colsample_bytree"": 0.5718943879822209, ""learning_rate"": 0.030088853968155364, ""min_child_samples"": 151, ""n_estimators"": 184, ""num_leaves"": 11, ""reg_lambda"": 9.051549394511614, ""subsample"": 0.7151115003568068}",COMPLETE
41,0.6165169457728363,2026-09-25 14:07:53.755788,2026-09-25 14:07:54.653746,0 days 00:00:00.897958,0.6244826117740279,0.02094716694249265,171,105,10,3.7272552114457764,0.7182429914605726,"{""colsample_bytree"": 0.6244826117740279, ""learning_rate"": 0.02094716694249265, ""min_child_samples"": 171, ""n_estimators"": 105, ""num_leaves"": 10, ""reg_lambda"": 3.7272552114457764, ""subsample"": 0.7182429914605726}",COMPLETE
42,0.6147330791186463,2026-09-25 14:07:54.653775,2026-09-25 14:07:55.854531,0 days 00:00:01.200756,0.6381195167782071,0.02643988587193322,82,108,16,2.171999866872778,0.7742713696632177,"{""colsample_bytree"": 0.6381195167782071, ""learning_rate"": 0.02643988587193322, ""min_child_samples"": 82, ""n_estimators"": 108, ""num_leaves"": 16, ""reg_lambda"": 2.171999866872778, ""subsample"": 0.7742713696632177}",COMPLETE
43,0.6151951814272326,2026-09-25 14:07:55.854574,2026-09-25 14:07:56.908000,0 days 00:00:01.053426,0.6930431865710416,0.017906315039566807,68,107,12,1.182060422858904,0.7547578919485927,"{""colsample_bytree"": 0.6930431865710416, ""learning_rate"": 0.017906315039566807, ""min_child_samples"": 68, ""n_estimators"": 107, ""num_leaves"": 12, ""reg_lambda"": 1.182060422858904, ""subsample"": 0.7547578919485927}",COMPLETE
44,0.6160617882063748,2026-09-25 14:07:56.908035,2026-09-25 14:07:57.843240,0 days 00:00:00.935205,0.6919020052853281,0.010723074155537965,109,123,9,0.6505077382839789,0.7288247049613292,"{""colsample_bytree"": 0.6919020052853281, ""learning_rate"": 0.010723074155537965, ""min_child_samples"": 109, ""n_estimators"": 123, ""num_leaves"": 9, ""reg_lambda"": 0.6505077382839789, ""subsample"": 0.7288247049613292}",COMPLETE
45,0.61645725188717,2026-09-25 14:07:57.843269,2026-09-25 14:07:58.664494,0 days 00:00:00.821225,0.627105075720704,0.014232414770534139,70,105,9,0.5523691365885005,0.7469692543770972,"{""colsample_bytree"": 0.627105075720704, ""learning_rate"": 0.014232414770534139, ""min_child_samples"": 70, ""n_estimators"": 105, ""num_leaves"": 9, ""reg_lambda"": 0.5523691365885005, ""subsample"": 0.7469692543770972}",COMPLETE
46,0.6157195474851112,2026-09-25 14:07:58.664526,2026-09-25 14:07:59.624575,0 days 00:00:00.960049,0.6123807280483039,0.03023026436632771,51,140,9,3.3969247128056557,0.7939648744288819,"{""colsample_bytree"": 0.6123807280483039, ""learning_rate"": 0.03023026436632771, ""min_child_samples"": 51, ""n_estimators"": 140, ""num_leaves"": 9, ""reg_lambda"": 3.3969247128056557, ""subsample"": 0.7939648744288819}",COMPLETE
47,0.6161513592281733,2026-09-25 14:07:59.624612,2026-09-25 14:08:00.807568,0 days 00:00:01.182956,0.6725522185948115,0.026617929023442916,80,106,8,5.997226042259538,0.8157388471979475,"{""colsample_bytree"": 0.6725522185948115, ""learning_rate"": 0.026617929023442916, ""min_child_samples"": 80, ""n_estimators"": 106, ""num_leaves"": 8, ""reg_lambda"": 5.997226042259538, ""subsample"": 0.8157388471979475}",COMPLETE
48,0.6166043325397503,2026-09-25 14:08:00.807602,2026-09-25 14:08:01.975514,0 days 00:00:01.167912,0.6372514233835543,0.01934909209770918,49,131,9,8.102520512030612,0.8095998034816698,"{""colsample_bytree"": 0.6372514233835543, ""learning_rate"": 0.01934909209770918, ""min_child_samples"": 49, ""n_estimators"": 131, ""num_leaves"": 9, ""reg_lambda"": 8.102520512030612, ""subsample"": 0.8095998034816698}",COMPLETE
49,0.6169305018897623,2026-09-25 14:08:01.975548,2026-09-25 14:08:02.939598,0 days 00:00:00.964050,0.6608656500065493,0.020401076654670922,31,128,9,4.7006154457240745,0.7917146272399169,"{""colsample_bytree"": 0.6608656500065493, ""learning_rate"": 0.020401076654670922, ""min_child_samples"": 31, ""n_estimators"": 128, ""num_leaves"": 9, ""reg_lambda"": 4.7006154457240745, ""subsample"": 0.7917146272399169}",COMPLETE
